2017-05-16 16:06:39.128  INFO 13918 --- [restartedMain] com.eltonkola.crud.RadiozApplication     : Starting RadiozApplication on deskton with PID 13918 (/home/elton/Desktop/ekola/cingerdhing/build/classes/main started by elton in /home/elton/Desktop/ekola/cingerdhing)
2017-05-16 16:06:39.130  INFO 13918 --- [restartedMain] com.eltonkola.crud.RadiozApplication     : No active profile set, falling back to default profiles: default
2017-05-16 16:06:39.373  INFO 13918 --- [restartedMain] ationConfigEmbeddedWebApplicationContext : Refreshing org.springframework.boot.context.embedded.AnnotationConfigEmbeddedWebApplicationContext@12437f4a: startup date [Tue May 16 16:06:39 EDT 2017]; root of context hierarchy
2017-05-16 16:06:40.807  WARN 13918 --- [restartedMain] o.s.c.a.ConfigurationClassEnhancer       : @Bean method ScopeConfiguration.stepScope is non-static and returns an object assignable to Spring's BeanFactoryPostProcessor interface. This will result in a failure to process annotations such as @Autowired, @Resource and @PostConstruct within the method's declaring @Configuration class. Add the 'static' modifier to this method to avoid these container lifecycle issues; see @Bean javadoc for complete details.
2017-05-16 16:06:40.830  WARN 13918 --- [restartedMain] o.s.c.a.ConfigurationClassEnhancer       : @Bean method ScopeConfiguration.jobScope is non-static and returns an object assignable to Spring's BeanFactoryPostProcessor interface. This will result in a failure to process annotations such as @Autowired, @Resource and @PostConstruct within the method's declaring @Configuration class. Add the 'static' modifier to this method to avoid these container lifecycle issues; see @Bean javadoc for complete details.
2017-05-16 16:06:41.007  INFO 13918 --- [restartedMain] trationDelegate$BeanPostProcessorChecker : Bean 'org.springframework.transaction.annotation.ProxyTransactionManagementConfiguration' of type [org.springframework.transaction.annotation.ProxyTransactionManagementConfiguration$$EnhancerBySpringCGLIB$$22a3d07e] is not eligible for getting processed by all BeanPostProcessors (for example: not eligible for auto-proxying)
2017-05-16 16:06:41.041  INFO 13918 --- [restartedMain] trationDelegate$BeanPostProcessorChecker : Bean 'org.springframework.security.config.annotation.configuration.ObjectPostProcessorConfiguration' of type [org.springframework.security.config.annotation.configuration.ObjectPostProcessorConfiguration$$EnhancerBySpringCGLIB$$bb5198b8] is not eligible for getting processed by all BeanPostProcessors (for example: not eligible for auto-proxying)
2017-05-16 16:06:41.048  INFO 13918 --- [restartedMain] trationDelegate$BeanPostProcessorChecker : Bean 'objectPostProcessor' of type [org.springframework.security.config.annotation.configuration.AutowireBeanFactoryObjectPostProcessor] is not eligible for getting processed by all BeanPostProcessors (for example: not eligible for auto-proxying)
2017-05-16 16:06:41.050  INFO 13918 --- [restartedMain] trationDelegate$BeanPostProcessorChecker : Bean 'org.springframework.security.access.expression.method.DefaultMethodSecurityExpressionHandler@69df119f' of type [org.springframework.security.access.expression.method.DefaultMethodSecurityExpressionHandler] is not eligible for getting processed by all BeanPostProcessors (for example: not eligible for auto-proxying)
2017-05-16 16:06:41.057  INFO 13918 --- [restartedMain] trationDelegate$BeanPostProcessorChecker : Bean 'org.springframework.security.config.annotation.method.configuration.GlobalMethodSecurityConfiguration' of type [org.springframework.security.config.annotation.method.configuration.GlobalMethodSecurityConfiguration$$EnhancerBySpringCGLIB$$e0263b6a] is not eligible for getting processed by all BeanPostProcessors (for example: not eligible for auto-proxying)
2017-05-16 16:06:41.065  INFO 13918 --- [restartedMain] trationDelegate$BeanPostProcessorChecker : Bean 'methodSecurityMetadataSource' of type [org.springframework.security.access.method.DelegatingMethodSecurityMetadataSource] is not eligible for getting processed by all BeanPostProcessors (for example: not eligible for auto-proxying)
2017-05-16 16:06:41.338  INFO 13918 --- [restartedMain] s.b.c.e.t.TomcatEmbeddedServletContainer : Tomcat initialized with port(s): 9000 (http)
2017-05-16 16:06:41.351  INFO 13918 --- [restartedMain] o.apache.catalina.core.StandardService   : Starting service Tomcat
2017-05-16 16:06:41.352  INFO 13918 --- [restartedMain] org.apache.catalina.core.StandardEngine  : Starting Servlet Engine: Apache Tomcat/8.5.11
2017-05-16 16:06:41.436  INFO 13918 --- [localhost-startStop-1] o.a.c.c.C.[Tomcat].[localhost].[/]       : Initializing Spring embedded WebApplicationContext
2017-05-16 16:06:41.653  INFO 13918 --- [localhost-startStop-1] o.s.b.w.servlet.FilterRegistrationBean   : Mapping filter: 'characterEncodingFilter' to: [/*]
2017-05-16 16:06:41.654  INFO 13918 --- [localhost-startStop-1] o.s.b.w.servlet.FilterRegistrationBean   : Mapping filter: 'hiddenHttpMethodFilter' to: [/*]
2017-05-16 16:06:41.654  INFO 13918 --- [localhost-startStop-1] o.s.b.w.servlet.FilterRegistrationBean   : Mapping filter: 'httpPutFormContentFilter' to: [/*]
2017-05-16 16:06:41.654  INFO 13918 --- [localhost-startStop-1] o.s.b.w.servlet.FilterRegistrationBean   : Mapping filter: 'requestContextFilter' to: [/*]
2017-05-16 16:06:41.655  INFO 13918 --- [localhost-startStop-1] .s.DelegatingFilterProxyRegistrationBean : Mapping filter: 'springSecurityFilterChain' to: [/*]
2017-05-16 16:06:41.656  INFO 13918 --- [localhost-startStop-1] o.s.b.w.servlet.ServletRegistrationBean  : Mapping servlet: 'webServlet' to [/console/*]
2017-05-16 16:06:41.657  INFO 13918 --- [localhost-startStop-1] o.s.b.w.servlet.ServletRegistrationBean  : Mapping servlet: 'dispatcherServlet' to [/]
2017-05-16 16:06:41.658  INFO 13918 --- [localhost-startStop-1] o.s.b.w.servlet.ServletRegistrationBean  : Mapping servlet: 'webServlet' to [/h2-console/*]
2017-05-16 16:06:41.658  INFO 13918 --- [localhost-startStop-1] o.s.b.w.servlet.ServletRegistrationBean  : Servlet webServlet was not registered (possibly already registered?)
2017-05-16 16:06:42.299  INFO 13918 --- [restartedMain] j.LocalContainerEntityManagerFactoryBean : Building JPA container EntityManagerFactory for persistence unit 'default'
2017-05-16 16:06:42.319  INFO 13918 --- [restartedMain] o.hibernate.jpa.internal.util.LogHelper  : HHH000204: Processing PersistenceUnitInfo [
	name: default
	...]
2017-05-16 16:06:42.396  INFO 13918 --- [restartedMain] org.hibernate.Version                    : HHH000412: Hibernate Core {5.0.12.Final}
2017-05-16 16:06:42.398  INFO 13918 --- [restartedMain] org.hibernate.cfg.Environment            : HHH000206: hibernate.properties not found
2017-05-16 16:06:42.400  INFO 13918 --- [restartedMain] org.hibernate.cfg.Environment            : HHH000021: Bytecode provider name : javassist
2017-05-16 16:06:42.454  INFO 13918 --- [restartedMain] o.hibernate.annotations.common.Version   : HCANN000001: Hibernate Commons Annotations {5.0.1.Final}
2017-05-16 16:06:42.603  INFO 13918 --- [restartedMain] org.hibernate.dialect.Dialect            : HHH000400: Using dialect: org.hibernate.dialect.H2Dialect
2017-05-16 16:06:43.087  INFO 13918 --- [restartedMain] org.hibernate.tool.hbm2ddl.SchemaExport  : HHH000227: Running hbm2ddl schema export
2017-05-16 16:06:43.101  INFO 13918 --- [restartedMain] org.hibernate.tool.hbm2ddl.SchemaExport  : HHH000230: Schema export complete
2017-05-16 16:06:43.137  INFO 13918 --- [restartedMain] j.LocalContainerEntityManagerFactoryBean : Initialized JPA EntityManagerFactory for persistence unit 'default'
2017-05-16 16:06:43.841  INFO 13918 --- [restartedMain] o.h.h.i.QueryTranslatorFactoryInitiator  : HHH000397: Using ASTQueryTranslatorFactory
2017-05-16 16:06:44.094  WARN 13918 --- [restartedMain] o.s.b.a.batch.BasicBatchConfigurer       : JPA does not support custom isolation levels, so locks may not be taken when launching Jobs
2017-05-16 16:06:44.097  INFO 13918 --- [restartedMain] o.s.b.c.r.s.JobRepositoryFactoryBean     : No database type set, using meta data indicating: H2
2017-05-16 16:06:44.217  INFO 13918 --- [restartedMain] o.s.b.c.l.support.SimpleJobLauncher      : No TaskExecutor has been set, defaulting to synchronous executor.
2017-05-16 16:06:44.406  INFO 13918 --- [restartedMain] o.s.s.c.ThreadPoolTaskScheduler          : Initializing ExecutorService  'defaultSockJsTaskScheduler'
2017-05-16 16:06:45.185  INFO 13918 --- [restartedMain] o.s.jdbc.datasource.init.ScriptUtils     : Executing SQL script from class path resource [org/springframework/batch/core/schema-h2.sql]
2017-05-16 16:06:45.194  INFO 13918 --- [restartedMain] o.s.jdbc.datasource.init.ScriptUtils     : Executed SQL script from class path resource [org/springframework/batch/core/schema-h2.sql] in 9 ms.
2017-05-16 16:06:45.591  INFO 13918 --- [restartedMain] o.s.s.web.DefaultSecurityFilterChain     : Creating filter chain: OrRequestMatcher [requestMatchers=[Ant [pattern='/css/**'], Ant [pattern='/js/**'], Ant [pattern='/images/**'], Ant [pattern='/webjars/**'], Ant [pattern='/**/favicon.ico'], Ant [pattern='/error']]], []
2017-05-16 16:06:45.663  INFO 13918 --- [restartedMain] o.s.s.web.DefaultSecurityFilterChain     : Creating filter chain: org.springframework.security.web.util.matcher.AnyRequestMatcher@1, [org.springframework.security.web.context.request.async.WebAsyncManagerIntegrationFilter@26aac890, org.springframework.security.web.context.SecurityContextPersistenceFilter@79ec4c9d, org.springframework.security.web.header.HeaderWriterFilter@7d53a2e4, org.springframework.security.web.authentication.logout.LogoutFilter@7057b774, org.springframework.security.web.authentication.UsernamePasswordAuthenticationFilter@5fdd0130, org.springframework.security.web.savedrequest.RequestCacheAwareFilter@f87cc37, org.springframework.security.web.servletapi.SecurityContextHolderAwareRequestFilter@7b0b6df2, org.springframework.security.web.authentication.rememberme.RememberMeAuthenticationFilter@6675fba5, org.springframework.security.web.authentication.AnonymousAuthenticationFilter@5ab7e07c, org.springframework.security.web.session.SessionManagementFilter@8f45527, org.springframework.security.web.access.ExceptionTranslationFilter@465afabf, org.springframework.security.web.access.intercept.FilterSecurityInterceptor@4bd7e80]
2017-05-16 16:06:45.671  INFO 13918 --- [restartedMain] o.s.s.web.DefaultSecurityFilterChain     : Creating filter chain: org.springframework.boot.autoconfigure.security.SpringBootWebSecurityConfiguration$ApplicationNoWebSecurityConfigurerAdapter$1@4b8c1885, [org.springframework.security.web.context.request.async.WebAsyncManagerIntegrationFilter@54f8c627, org.springframework.security.web.context.SecurityContextPersistenceFilter@337c414a, org.springframework.security.web.header.HeaderWriterFilter@62ea2ee9, org.springframework.security.web.csrf.CsrfFilter@931d5bf, org.springframework.security.web.authentication.logout.LogoutFilter@1a2b7c9b, org.springframework.security.web.savedrequest.RequestCacheAwareFilter@5dc8547f, org.springframework.security.web.servletapi.SecurityContextHolderAwareRequestFilter@6e66a449, org.springframework.security.web.authentication.AnonymousAuthenticationFilter@fe7741d, org.springframework.security.web.session.SessionManagementFilter@7de7cf2, org.springframework.security.web.access.ExceptionTranslationFilter@5c565193]
2017-05-16 16:06:45.827  INFO 13918 --- [restartedMain] o.s.b.d.a.OptionalLiveReloadServer       : LiveReload server is running on port 35729
2017-05-16 16:06:45.883  INFO 13918 --- [restartedMain] o.s.j.e.a.AnnotationMBeanExporter        : Registering beans for JMX exposure on startup
2017-05-16 16:06:45.888  INFO 13918 --- [restartedMain] o.s.c.support.DefaultLifecycleProcessor  : Starting beans in phase 2147483647
2017-05-16 16:06:45.922  INFO 13918 --- [restartedMain] s.b.c.e.t.TomcatEmbeddedServletContainer : Tomcat started on port(s): 9000 (http)
2017-05-16 16:06:45.925  INFO 13918 --- [restartedMain] o.s.b.a.b.JobLauncherCommandLineRunner   : Running default command line with: []
2017-05-16 16:06:45.976  INFO 13918 --- [restartedMain] o.s.b.c.l.support.SimpleJobLauncher      : Job: [SimpleJob: [name=job1]] launched with the following parameters: [{run.id=32}]
2017-05-16 16:06:45.990  INFO 13918 --- [restartedMain] o.s.batch.core.job.SimpleStepHandler     : Executing step: [step1]
2017-05-16 16:06:46.008  INFO 13918 --- [restartedMain] o.s.b.c.l.support.SimpleJobLauncher      : Job: [SimpleJob: [name=job1]] completed with the following parameters: [{run.id=32}] and the following status: [COMPLETED]
2017-05-16 16:06:46.010  INFO 13918 --- [restartedMain] com.eltonkola.crud.RadiozApplication     : Started RadiozApplication in 7.154 seconds (JVM running for 7.616)
2017-05-16 16:07:09.284  INFO 13918 --- [http-nio-9000-exec-1] o.a.c.c.C.[Tomcat].[localhost].[/]       : Initializing Spring FrameworkServlet 'dispatcherServlet'
2017-05-16 16:12:45.255  INFO 13918 --- [Thread-13] ationConfigEmbeddedWebApplicationContext : Closing org.springframework.boot.context.embedded.AnnotationConfigEmbeddedWebApplicationContext@12437f4a: startup date [Tue May 16 16:06:39 EDT 2017]; root of context hierarchy
2017-05-16 16:12:45.258  INFO 13918 --- [Thread-13] o.s.c.support.DefaultLifecycleProcessor  : Stopping beans in phase 2147483647
2017-05-16 16:12:45.260  INFO 13918 --- [Thread-13] o.s.j.e.a.AnnotationMBeanExporter        : Unregistering JMX-exposed beans on shutdown
2017-05-16 16:12:45.261  INFO 13918 --- [Thread-13] o.s.s.c.ThreadPoolTaskScheduler          : Shutting down ExecutorService 'defaultSockJsTaskScheduler'
2017-05-16 16:12:45.265  INFO 13918 --- [Thread-13] j.LocalContainerEntityManagerFactoryBean : Closing JPA EntityManagerFactory for persistence unit 'default'
2017-05-16 16:12:45.266  INFO 13918 --- [Thread-13] org.hibernate.tool.hbm2ddl.SchemaExport  : HHH000227: Running hbm2ddl schema export
2017-05-16 16:12:45.286  INFO 13918 --- [Thread-13] org.hibernate.tool.hbm2ddl.SchemaExport  : HHH000230: Schema export complete
2017-05-16 16:12:50.621  INFO 13918 --- [restartedMain] com.eltonkola.crud.RadiozApplication     : Starting RadiozApplication on deskton with PID 13918 (/home/elton/Desktop/ekola/cingerdhing/build/classes/main started by elton in /home/elton/Desktop/ekola/cingerdhing)
2017-05-16 16:12:50.621  INFO 13918 --- [restartedMain] com.eltonkola.crud.RadiozApplication     : No active profile set, falling back to default profiles: default
2017-05-16 16:12:50.625  INFO 13918 --- [restartedMain] ationConfigEmbeddedWebApplicationContext : Refreshing org.springframework.boot.context.embedded.AnnotationConfigEmbeddedWebApplicationContext@26fe25b2: startup date [Tue May 16 16:12:50 EDT 2017]; root of context hierarchy
2017-05-16 16:12:51.223  WARN 13918 --- [restartedMain] o.s.c.a.ConfigurationClassEnhancer       : @Bean method ScopeConfiguration.stepScope is non-static and returns an object assignable to Spring's BeanFactoryPostProcessor interface. This will result in a failure to process annotations such as @Autowired, @Resource and @PostConstruct within the method's declaring @Configuration class. Add the 'static' modifier to this method to avoid these container lifecycle issues; see @Bean javadoc for complete details.
2017-05-16 16:12:51.223  WARN 13918 --- [restartedMain] o.s.c.a.ConfigurationClassEnhancer       : @Bean method ScopeConfiguration.jobScope is non-static and returns an object assignable to Spring's BeanFactoryPostProcessor interface. This will result in a failure to process annotations such as @Autowired, @Resource and @PostConstruct within the method's declaring @Configuration class. Add the 'static' modifier to this method to avoid these container lifecycle issues; see @Bean javadoc for complete details.
2017-05-16 16:12:51.259  INFO 13918 --- [restartedMain] trationDelegate$BeanPostProcessorChecker : Bean 'org.springframework.transaction.annotation.ProxyTransactionManagementConfiguration' of type [org.springframework.transaction.annotation.ProxyTransactionManagementConfiguration$$EnhancerBySpringCGLIB$$22a3d07e] is not eligible for getting processed by all BeanPostProcessors (for example: not eligible for auto-proxying)
2017-05-16 16:12:51.263  INFO 13918 --- [restartedMain] trationDelegate$BeanPostProcessorChecker : Bean 'org.springframework.security.config.annotation.configuration.ObjectPostProcessorConfiguration' of type [org.springframework.security.config.annotation.configuration.ObjectPostProcessorConfiguration$$EnhancerBySpringCGLIB$$bb5198b8] is not eligible for getting processed by all BeanPostProcessors (for example: not eligible for auto-proxying)
2017-05-16 16:12:51.266  INFO 13918 --- [restartedMain] trationDelegate$BeanPostProcessorChecker : Bean 'objectPostProcessor' of type [org.springframework.security.config.annotation.configuration.AutowireBeanFactoryObjectPostProcessor] is not eligible for getting processed by all BeanPostProcessors (for example: not eligible for auto-proxying)
2017-05-16 16:12:51.267  INFO 13918 --- [restartedMain] trationDelegate$BeanPostProcessorChecker : Bean 'org.springframework.security.access.expression.method.DefaultMethodSecurityExpressionHandler@3184d336' of type [org.springframework.security.access.expression.method.DefaultMethodSecurityExpressionHandler] is not eligible for getting processed by all BeanPostProcessors (for example: not eligible for auto-proxying)
2017-05-16 16:12:51.271  INFO 13918 --- [restartedMain] trationDelegate$BeanPostProcessorChecker : Bean 'org.springframework.security.config.annotation.method.configuration.GlobalMethodSecurityConfiguration' of type [org.springframework.security.config.annotation.method.configuration.GlobalMethodSecurityConfiguration$$EnhancerBySpringCGLIB$$e0263b6a] is not eligible for getting processed by all BeanPostProcessors (for example: not eligible for auto-proxying)
2017-05-16 16:12:51.272  INFO 13918 --- [restartedMain] trationDelegate$BeanPostProcessorChecker : Bean 'methodSecurityMetadataSource' of type [org.springframework.security.access.method.DelegatingMethodSecurityMetadataSource] is not eligible for getting processed by all BeanPostProcessors (for example: not eligible for auto-proxying)
2017-05-16 16:12:51.335  INFO 13918 --- [restartedMain] s.b.c.e.t.TomcatEmbeddedServletContainer : Tomcat initialized with port(s): 9000 (http)
2017-05-16 16:12:51.335  INFO 13918 --- [restartedMain] o.apache.catalina.core.StandardService   : Starting service Tomcat
2017-05-16 16:12:51.336  INFO 13918 --- [restartedMain] org.apache.catalina.core.StandardEngine  : Starting Servlet Engine: Apache Tomcat/8.5.11
2017-05-16 16:12:51.344  INFO 13918 --- [localhost-startStop-1] o.a.c.c.C.[Tomcat].[localhost].[/]       : Initializing Spring embedded WebApplicationContext
2017-05-16 16:12:51.434  INFO 13918 --- [localhost-startStop-1] o.s.b.w.servlet.FilterRegistrationBean   : Mapping filter: 'characterEncodingFilter' to: [/*]
2017-05-16 16:12:51.435  INFO 13918 --- [localhost-startStop-1] o.s.b.w.servlet.FilterRegistrationBean   : Mapping filter: 'hiddenHttpMethodFilter' to: [/*]
2017-05-16 16:12:51.435  INFO 13918 --- [localhost-startStop-1] o.s.b.w.servlet.FilterRegistrationBean   : Mapping filter: 'httpPutFormContentFilter' to: [/*]
2017-05-16 16:12:51.435  INFO 13918 --- [localhost-startStop-1] o.s.b.w.servlet.FilterRegistrationBean   : Mapping filter: 'requestContextFilter' to: [/*]
2017-05-16 16:12:51.435  INFO 13918 --- [localhost-startStop-1] .s.DelegatingFilterProxyRegistrationBean : Mapping filter: 'springSecurityFilterChain' to: [/*]
2017-05-16 16:12:51.435  INFO 13918 --- [localhost-startStop-1] o.s.b.w.servlet.ServletRegistrationBean  : Mapping servlet: 'webServlet' to [/console/*]
2017-05-16 16:12:51.436  INFO 13918 --- [localhost-startStop-1] o.s.b.w.servlet.ServletRegistrationBean  : Mapping servlet: 'dispatcherServlet' to [/]
2017-05-16 16:12:51.436  INFO 13918 --- [localhost-startStop-1] o.s.b.w.servlet.ServletRegistrationBean  : Mapping servlet: 'webServlet' to [/h2-console/*]
2017-05-16 16:12:51.436  INFO 13918 --- [localhost-startStop-1] o.s.b.w.servlet.ServletRegistrationBean  : Servlet webServlet was not registered (possibly already registered?)
2017-05-16 16:12:51.451  WARN 13918 --- [localhost-startStop-1] o.a.c.c.C.[Tomcat].[localhost].[/]       : Cannot deserialize session attribute SPRING_SECURITY_CONTEXT for session 3F501C57F09AB623F35B1EDD51584C93
2017-05-16 16:12:51.626  INFO 13918 --- [restartedMain] j.LocalContainerEntityManagerFactoryBean : Building JPA container EntityManagerFactory for persistence unit 'default'
2017-05-16 16:12:51.626  INFO 13918 --- [restartedMain] o.hibernate.jpa.internal.util.LogHelper  : HHH000204: Processing PersistenceUnitInfo [
	name: default
	...]
2017-05-16 16:12:51.637  INFO 13918 --- [restartedMain] org.hibernate.dialect.Dialect            : HHH000400: Using dialect: org.hibernate.dialect.H2Dialect
2017-05-16 16:12:51.673  INFO 13918 --- [restartedMain] org.hibernate.tool.hbm2ddl.SchemaExport  : HHH000227: Running hbm2ddl schema export
2017-05-16 16:12:51.680  INFO 13918 --- [restartedMain] org.hibernate.tool.hbm2ddl.SchemaExport  : HHH000230: Schema export complete
2017-05-16 16:12:51.682  INFO 13918 --- [restartedMain] j.LocalContainerEntityManagerFactoryBean : Initialized JPA EntityManagerFactory for persistence unit 'default'
2017-05-16 16:12:52.000  INFO 13918 --- [restartedMain] o.h.h.i.QueryTranslatorFactoryInitiator  : HHH000397: Using ASTQueryTranslatorFactory
2017-05-16 16:12:52.114  WARN 13918 --- [restartedMain] o.s.b.a.batch.BasicBatchConfigurer       : JPA does not support custom isolation levels, so locks may not be taken when launching Jobs
2017-05-16 16:12:52.115  INFO 13918 --- [restartedMain] o.s.b.c.r.s.JobRepositoryFactoryBean     : No database type set, using meta data indicating: H2
2017-05-16 16:12:52.120  INFO 13918 --- [restartedMain] o.s.b.c.l.support.SimpleJobLauncher      : No TaskExecutor has been set, defaulting to synchronous executor.
2017-05-16 16:12:52.198  INFO 13918 --- [restartedMain] o.s.s.c.ThreadPoolTaskScheduler          : Initializing ExecutorService  'defaultSockJsTaskScheduler'
2017-05-16 16:12:52.371  INFO 13918 --- [restartedMain] o.s.jdbc.datasource.init.ScriptUtils     : Executing SQL script from class path resource [org/springframework/batch/core/schema-h2.sql]
2017-05-16 16:12:52.373  INFO 13918 --- [restartedMain] o.s.jdbc.datasource.init.ScriptUtils     : Executed SQL script from class path resource [org/springframework/batch/core/schema-h2.sql] in 2 ms.
2017-05-16 16:12:52.555  INFO 13918 --- [restartedMain] o.s.s.web.DefaultSecurityFilterChain     : Creating filter chain: OrRequestMatcher [requestMatchers=[Ant [pattern='/css/**'], Ant [pattern='/js/**'], Ant [pattern='/images/**'], Ant [pattern='/webjars/**'], Ant [pattern='/**/favicon.ico'], Ant [pattern='/error']]], []
2017-05-16 16:12:52.572  INFO 13918 --- [restartedMain] o.s.s.web.DefaultSecurityFilterChain     : Creating filter chain: org.springframework.security.web.util.matcher.AnyRequestMatcher@1, [org.springframework.security.web.context.request.async.WebAsyncManagerIntegrationFilter@665162b2, org.springframework.security.web.context.SecurityContextPersistenceFilter@2db037a7, org.springframework.security.web.header.HeaderWriterFilter@3f1c3226, org.springframework.security.web.authentication.logout.LogoutFilter@12e6f0c2, org.springframework.security.web.authentication.UsernamePasswordAuthenticationFilter@6f602bf4, org.springframework.security.web.savedrequest.RequestCacheAwareFilter@463ef5f3, org.springframework.security.web.servletapi.SecurityContextHolderAwareRequestFilter@18ed6210, org.springframework.security.web.authentication.rememberme.RememberMeAuthenticationFilter@5b160113, org.springframework.security.web.authentication.AnonymousAuthenticationFilter@6686be6d, org.springframework.security.web.session.SessionManagementFilter@314778cf, org.springframework.security.web.access.ExceptionTranslationFilter@5677a240, org.springframework.security.web.access.intercept.FilterSecurityInterceptor@58eb1792]
2017-05-16 16:12:52.575  INFO 13918 --- [restartedMain] o.s.s.web.DefaultSecurityFilterChain     : Creating filter chain: org.springframework.boot.autoconfigure.security.SpringBootWebSecurityConfiguration$ApplicationNoWebSecurityConfigurerAdapter$1@63e55376, [org.springframework.security.web.context.request.async.WebAsyncManagerIntegrationFilter@7f14c26d, org.springframework.security.web.context.SecurityContextPersistenceFilter@7cf814e9, org.springframework.security.web.header.HeaderWriterFilter@1a2bd990, org.springframework.security.web.csrf.CsrfFilter@5d2d881c, org.springframework.security.web.authentication.logout.LogoutFilter@5f864b33, org.springframework.security.web.savedrequest.RequestCacheAwareFilter@762d5807, org.springframework.security.web.servletapi.SecurityContextHolderAwareRequestFilter@328ee80b, org.springframework.security.web.authentication.AnonymousAuthenticationFilter@3a9fa334, org.springframework.security.web.session.SessionManagementFilter@4da40829, org.springframework.security.web.access.ExceptionTranslationFilter@6d7ce47d]
2017-05-16 16:12:52.611  INFO 13918 --- [restartedMain] o.s.b.d.a.OptionalLiveReloadServer       : LiveReload server is running on port 35729
2017-05-16 16:12:52.646  INFO 13918 --- [restartedMain] o.s.j.e.a.AnnotationMBeanExporter        : Registering beans for JMX exposure on startup
2017-05-16 16:12:52.650  INFO 13918 --- [restartedMain] o.s.c.support.DefaultLifecycleProcessor  : Starting beans in phase 2147483647
2017-05-16 16:12:52.655  INFO 13918 --- [restartedMain] s.b.c.e.t.TomcatEmbeddedServletContainer : Tomcat started on port(s): 9000 (http)
2017-05-16 16:12:52.657  INFO 13918 --- [restartedMain] o.s.b.a.b.JobLauncherCommandLineRunner   : Running default command line with: []
2017-05-16 16:12:52.674  INFO 13918 --- [restartedMain] o.s.b.c.l.support.SimpleJobLauncher      : Job: [SimpleJob: [name=job1]] launched with the following parameters: [{run.id=33}]
2017-05-16 16:12:52.684  INFO 13918 --- [restartedMain] o.s.batch.core.job.SimpleStepHandler     : Executing step: [step1]
2017-05-16 16:12:52.690  INFO 13918 --- [restartedMain] o.s.b.c.l.support.SimpleJobLauncher      : Job: [SimpleJob: [name=job1]] completed with the following parameters: [{run.id=33}] and the following status: [COMPLETED]
2017-05-16 16:12:52.691  INFO 13918 --- [restartedMain] com.eltonkola.crud.RadiozApplication     : Started RadiozApplication in 2.096 seconds (JVM running for 374.298)
2017-05-16 16:13:03.064  INFO 13918 --- [Thread-18] ationConfigEmbeddedWebApplicationContext : Closing org.springframework.boot.context.embedded.AnnotationConfigEmbeddedWebApplicationContext@26fe25b2: startup date [Tue May 16 16:12:50 EDT 2017]; root of context hierarchy
2017-05-16 16:13:03.066  INFO 13918 --- [Thread-18] o.s.c.support.DefaultLifecycleProcessor  : Stopping beans in phase 2147483647
2017-05-16 16:13:03.066  INFO 13918 --- [Thread-18] o.s.j.e.a.AnnotationMBeanExporter        : Unregistering JMX-exposed beans on shutdown
2017-05-16 16:13:03.066  INFO 13918 --- [Thread-18] o.s.s.c.ThreadPoolTaskScheduler          : Shutting down ExecutorService 'defaultSockJsTaskScheduler'
2017-05-16 16:13:03.067  INFO 13918 --- [Thread-18] j.LocalContainerEntityManagerFactoryBean : Closing JPA EntityManagerFactory for persistence unit 'default'
2017-05-16 16:13:03.067  INFO 13918 --- [Thread-18] org.hibernate.tool.hbm2ddl.SchemaExport  : HHH000227: Running hbm2ddl schema export
2017-05-16 16:13:03.074  INFO 13918 --- [Thread-18] org.hibernate.tool.hbm2ddl.SchemaExport  : HHH000230: Schema export complete
2017-05-16 16:13:03.490  INFO 13918 --- [restartedMain] com.eltonkola.crud.RadiozApplication     : Starting RadiozApplication on deskton with PID 13918 (/home/elton/Desktop/ekola/cingerdhing/build/classes/main started by elton in /home/elton/Desktop/ekola/cingerdhing)
2017-05-16 16:13:03.490  INFO 13918 --- [restartedMain] com.eltonkola.crud.RadiozApplication     : No active profile set, falling back to default profiles: default
2017-05-16 16:13:03.492  INFO 13918 --- [restartedMain] ationConfigEmbeddedWebApplicationContext : Refreshing org.springframework.boot.context.embedded.AnnotationConfigEmbeddedWebApplicationContext@467edcb0: startup date [Tue May 16 16:13:03 EDT 2017]; root of context hierarchy
2017-05-16 16:13:04.072  WARN 13918 --- [restartedMain] o.s.c.a.ConfigurationClassEnhancer       : @Bean method ScopeConfiguration.stepScope is non-static and returns an object assignable to Spring's BeanFactoryPostProcessor interface. This will result in a failure to process annotations such as @Autowired, @Resource and @PostConstruct within the method's declaring @Configuration class. Add the 'static' modifier to this method to avoid these container lifecycle issues; see @Bean javadoc for complete details.
2017-05-16 16:13:04.073  WARN 13918 --- [restartedMain] o.s.c.a.ConfigurationClassEnhancer       : @Bean method ScopeConfiguration.jobScope is non-static and returns an object assignable to Spring's BeanFactoryPostProcessor interface. This will result in a failure to process annotations such as @Autowired, @Resource and @PostConstruct within the method's declaring @Configuration class. Add the 'static' modifier to this method to avoid these container lifecycle issues; see @Bean javadoc for complete details.
2017-05-16 16:13:04.094  INFO 13918 --- [restartedMain] trationDelegate$BeanPostProcessorChecker : Bean 'org.springframework.transaction.annotation.ProxyTransactionManagementConfiguration' of type [org.springframework.transaction.annotation.ProxyTransactionManagementConfiguration$$EnhancerBySpringCGLIB$$22a3d07e] is not eligible for getting processed by all BeanPostProcessors (for example: not eligible for auto-proxying)
2017-05-16 16:13:04.097  INFO 13918 --- [restartedMain] trationDelegate$BeanPostProcessorChecker : Bean 'org.springframework.security.config.annotation.configuration.ObjectPostProcessorConfiguration' of type [org.springframework.security.config.annotation.configuration.ObjectPostProcessorConfiguration$$EnhancerBySpringCGLIB$$bb5198b8] is not eligible for getting processed by all BeanPostProcessors (for example: not eligible for auto-proxying)
2017-05-16 16:13:04.099  INFO 13918 --- [restartedMain] trationDelegate$BeanPostProcessorChecker : Bean 'objectPostProcessor' of type [org.springframework.security.config.annotation.configuration.AutowireBeanFactoryObjectPostProcessor] is not eligible for getting processed by all BeanPostProcessors (for example: not eligible for auto-proxying)
2017-05-16 16:13:04.099  INFO 13918 --- [restartedMain] trationDelegate$BeanPostProcessorChecker : Bean 'org.springframework.security.access.expression.method.DefaultMethodSecurityExpressionHandler@24b1f247' of type [org.springframework.security.access.expression.method.DefaultMethodSecurityExpressionHandler] is not eligible for getting processed by all BeanPostProcessors (for example: not eligible for auto-proxying)
2017-05-16 16:13:04.104  INFO 13918 --- [restartedMain] trationDelegate$BeanPostProcessorChecker : Bean 'org.springframework.security.config.annotation.method.configuration.GlobalMethodSecurityConfiguration' of type [org.springframework.security.config.annotation.method.configuration.GlobalMethodSecurityConfiguration$$EnhancerBySpringCGLIB$$e0263b6a] is not eligible for getting processed by all BeanPostProcessors (for example: not eligible for auto-proxying)
2017-05-16 16:13:04.105  INFO 13918 --- [restartedMain] trationDelegate$BeanPostProcessorChecker : Bean 'methodSecurityMetadataSource' of type [org.springframework.security.access.method.DelegatingMethodSecurityMetadataSource] is not eligible for getting processed by all BeanPostProcessors (for example: not eligible for auto-proxying)
2017-05-16 16:13:04.173  INFO 13918 --- [restartedMain] s.b.c.e.t.TomcatEmbeddedServletContainer : Tomcat initialized with port(s): 9000 (http)
2017-05-16 16:13:04.174  INFO 13918 --- [restartedMain] o.apache.catalina.core.StandardService   : Starting service Tomcat
2017-05-16 16:13:04.174  INFO 13918 --- [restartedMain] org.apache.catalina.core.StandardEngine  : Starting Servlet Engine: Apache Tomcat/8.5.11
2017-05-16 16:13:04.184  INFO 13918 --- [localhost-startStop-1] o.a.c.c.C.[Tomcat].[localhost].[/]       : Initializing Spring embedded WebApplicationContext
2017-05-16 16:13:04.282  INFO 13918 --- [localhost-startStop-1] o.s.b.w.servlet.FilterRegistrationBean   : Mapping filter: 'characterEncodingFilter' to: [/*]
2017-05-16 16:13:04.283  INFO 13918 --- [localhost-startStop-1] o.s.b.w.servlet.FilterRegistrationBean   : Mapping filter: 'hiddenHttpMethodFilter' to: [/*]
2017-05-16 16:13:04.283  INFO 13918 --- [localhost-startStop-1] o.s.b.w.servlet.FilterRegistrationBean   : Mapping filter: 'httpPutFormContentFilter' to: [/*]
2017-05-16 16:13:04.284  INFO 13918 --- [localhost-startStop-1] o.s.b.w.servlet.FilterRegistrationBean   : Mapping filter: 'requestContextFilter' to: [/*]
2017-05-16 16:13:04.284  INFO 13918 --- [localhost-startStop-1] .s.DelegatingFilterProxyRegistrationBean : Mapping filter: 'springSecurityFilterChain' to: [/*]
2017-05-16 16:13:04.284  INFO 13918 --- [localhost-startStop-1] o.s.b.w.servlet.ServletRegistrationBean  : Mapping servlet: 'webServlet' to [/console/*]
2017-05-16 16:13:04.285  INFO 13918 --- [localhost-startStop-1] o.s.b.w.servlet.ServletRegistrationBean  : Mapping servlet: 'dispatcherServlet' to [/]
2017-05-16 16:13:04.286  INFO 13918 --- [localhost-startStop-1] o.s.b.w.servlet.ServletRegistrationBean  : Mapping servlet: 'webServlet' to [/h2-console/*]
2017-05-16 16:13:04.286  INFO 13918 --- [localhost-startStop-1] o.s.b.w.servlet.ServletRegistrationBean  : Servlet webServlet was not registered (possibly already registered?)
2017-05-16 16:13:04.442  INFO 13918 --- [restartedMain] j.LocalContainerEntityManagerFactoryBean : Building JPA container EntityManagerFactory for persistence unit 'default'
2017-05-16 16:13:04.442  INFO 13918 --- [restartedMain] o.hibernate.jpa.internal.util.LogHelper  : HHH000204: Processing PersistenceUnitInfo [
	name: default
	...]
2017-05-16 16:13:04.451  INFO 13918 --- [restartedMain] org.hibernate.dialect.Dialect            : HHH000400: Using dialect: org.hibernate.dialect.H2Dialect
2017-05-16 16:13:04.502  INFO 13918 --- [restartedMain] org.hibernate.tool.hbm2ddl.SchemaExport  : HHH000227: Running hbm2ddl schema export
2017-05-16 16:13:04.509  INFO 13918 --- [restartedMain] org.hibernate.tool.hbm2ddl.SchemaExport  : HHH000230: Schema export complete
2017-05-16 16:13:04.512  INFO 13918 --- [restartedMain] j.LocalContainerEntityManagerFactoryBean : Initialized JPA EntityManagerFactory for persistence unit 'default'
2017-05-16 16:13:04.522  WARN 13918 --- [restartedMain] ationConfigEmbeddedWebApplicationContext : Exception encountered during context initialization - cancelling refresh attempt: org.springframework.beans.factory.UnsatisfiedDependencyException: Error creating bean with name 'radiozApplication': Unsatisfied dependency expressed through field 'mNewsServiceInterface'; nested exception is org.springframework.beans.factory.NoSuchBeanDefinitionException: No qualifying bean of type 'com.eltonkola.crud.service.NewsServiceInterface' available: expected at least 1 bean which qualifies as autowire candidate. Dependency annotations: {@org.springframework.beans.factory.annotation.Autowired(required=true)}
2017-05-16 16:13:04.523  INFO 13918 --- [restartedMain] j.LocalContainerEntityManagerFactoryBean : Closing JPA EntityManagerFactory for persistence unit 'default'
2017-05-16 16:13:04.523  INFO 13918 --- [restartedMain] org.hibernate.tool.hbm2ddl.SchemaExport  : HHH000227: Running hbm2ddl schema export
2017-05-16 16:13:04.533  INFO 13918 --- [restartedMain] org.hibernate.tool.hbm2ddl.SchemaExport  : HHH000230: Schema export complete
2017-05-16 16:13:04.544  INFO 13918 --- [restartedMain] o.apache.catalina.core.StandardService   : Stopping service Tomcat
2017-05-16 16:13:04.573  WARN 13918 --- [restartedMain] o.s.boot.SpringApplication               : Error handling failed (Error creating bean with name 'delegatingApplicationListener' defined in class path resource [org/springframework/security/config/annotation/web/configuration/WebSecurityConfiguration.class]: BeanPostProcessor before instantiation of bean failed; nested exception is org.springframework.beans.factory.BeanCreationException: Error creating bean with name 'metaDataSourceAdvisor': Cannot resolve reference to bean 'methodSecurityMetadataSource' while setting constructor argument; nested exception is org.springframework.beans.factory.BeanCreationException: Error creating bean with name 'org.springframework.security.config.annotation.method.configuration.GlobalMethodSecurityConfiguration': Initialization of bean failed; nested exception is org.springframework.beans.factory.NoSuchBeanDefinitionException: No bean named 'org.springframework.context.annotation.ConfigurationClassPostProcessor.importRegistry' available)
2017-05-16 16:13:04.670 ERROR 13918 --- [restartedMain] o.s.b.d.LoggingFailureAnalysisReporter   : 

***************************
APPLICATION FAILED TO START
***************************

Description:

Field mNewsServiceInterface in com.eltonkola.crud.RadiozApplication required a bean of type 'com.eltonkola.crud.service.NewsServiceInterface' that could not be found.


Action:

Consider defining a bean of type 'com.eltonkola.crud.service.NewsServiceInterface' in your configuration.

